<?xml version="1.0" encoding="UTF-8"?>
<!-- Generated by org.testng.reporters.JUnitReportReporter -->
<testsuite hostname="Asmit" name="Basic2" tests="1" failures="0" timestamp="16 Jun 2018 03:23:00 GMT" time="7.690" errors="0">
  <testcase name="postTest" time="7.690" classname="Basic2"/>
</testsuite> <!-- Basic2 -->
