<?xml version="1.0" encoding="UTF-8"?>
<!-- Generated by org.testng.reporters.JUnitReportReporter -->
<testsuite hostname="Asmit" name="plivo.SendMessage2" tests="1" failures="0" timestamp="16 Jun 2018 09:43:20 GMT" time="3.152" errors="0">
  <testcase name="test" time="3.152" classname="plivo.SendMessage2"/>
</testsuite> <!-- plivo.SendMessage2 -->
