<?xml version="1.0" encoding="UTF-8"?>
<!-- Generated by org.testng.reporters.JUnitReportReporter -->
<testsuite hostname="Asmit" name="plivo.SearchNumber" tests="1" failures="0" timestamp="16 Jun 2018 05:56:36 GMT" time="12.040" errors="0">
  <testcase name="test1" time="12.040" classname="plivo.SearchNumber"/>
</testsuite> <!-- plivo.SearchNumber -->
