<?xml version="1.0" encoding="UTF-8"?>
<!-- Generated by org.testng.reporters.JUnitReportReporter -->
<testsuite hostname="Asmit" name="plivo.SendMessage" tests="1" failures="0" timestamp="16 Jun 2018 09:52:16 GMT" time="3.286" errors="0">
  <testcase name="test1" time="3.286" classname="plivo.SendMessage"/>
</testsuite> <!-- plivo.SendMessage -->
