<?xml version="1.0" encoding="UTF-8"?>
<!-- Generated by org.testng.reporters.JUnitReportReporter -->
<testsuite hostname="Asmit" name="plivo.DetailsOfMessage" tests="1" failures="0" timestamp="16 Jun 2018 07:04:48 GMT" time="4.506" errors="0">
  <testcase name="test1" time="4.506" classname="plivo.DetailsOfMessage"/>
</testsuite> <!-- plivo.DetailsOfMessage -->
